---------------------------------------------------------------
[ 2019-02-25T19:08:49+08:00 ] 127.0.0.1 GET www.job.com/api/report/person_recru/recruitment_list?dtfm=2018-01-01&dtto=2018-03-31&_d=1551092923822
[ sql ] [ DB ] CONNECT:[ UseTime:0.005000s ] mysql:host=192.168.199.134;port=3306;dbname=test_resume;charset=utf8
[ sql ] [ SQL ] SHOW COLUMNS FROM `rs_resume` [ RunTime:0.005000s ]
[ sql ] [ SQL ] SELECT `id`,`name`,`phone`,`email`,`school`,`educational`,`graduation_time`,`work_year`,`source`,`ct_user`,`ct_time`,`company_type`,`expected_job` FROM `rs_resume` WHERE  ( 1=1 ) [ RunTime:0.118007s ]
[ sql ] [ SQL ] SHOW COLUMNS FROM `rs_user` [ RunTime:0.005001s ]
[ sql ] [ SQL ] SELECT `uname`,`personal_name`,`ct_user` FROM `rs_user` WHERE  ( 1=1 ) [ RunTime:0.022001s ]
[ sql ] [ SQL ] SHOW COLUMNS FROM `rs_communicate` [ RunTime:0.025001s ]
[ sql ] [ SQL ] SELECT `screen`,`arrange_interview`,`arrive`,`approved_interview`,`entry`,`ct_user`,`resume_id`,`communicate_time` FROM `rs_communicate` WHERE  ( communicate_time between '2018-01-01' and '2018-03-31' and ct_user = 'admin' ) [ RunTime:0.024002s ]
[ sql ] [ SQL ] SELECT `screen`,`arrange_interview`,`arrive`,`approved_interview`,`entry`,`ct_user`,`resume_id`,`communicate_time` FROM `rs_communicate` WHERE  ( communicate_time between '2018-01-01' and '2018-03-31' and ct_user = 'Eleanor' ) [ RunTime:0.034002s ]
[ sql ] [ SQL ] SELECT `name` FROM `rs_resume` WHERE  `id` = 196441 LIMIT 1 [ RunTime:0.004001s ]
[ sql ] [ SQL ] SELECT `name` FROM `rs_resume` WHERE  `id` = 196442 LIMIT 1 [ RunTime:0.024001s ]
[ sql ] [ SQL ] SELECT `name` FROM `rs_resume` WHERE  `id` = 196443 LIMIT 1 [ RunTime:0.023001s ]
[ sql ] [ SQL ] SELECT `name` FROM `rs_resume` WHERE  `id` = 196444 LIMIT 1 [ RunTime:0.024002s ]
[ sql ] [ SQL ] SELECT `name` FROM `rs_resume` WHERE  `id` = 196445 LIMIT 1 [ RunTime:0.023001s ]
[ sql ] [ SQL ] SELECT `name` FROM `rs_resume` WHERE  `id` = 196446 LIMIT 1 [ RunTime:0.026002s ]
[ sql ] [ SQL ] SELECT `name` FROM `rs_resume` WHERE  `id` = 196447 LIMIT 1 [ RunTime:0.023001s ]
[ sql ] [ SQL ] SELECT `name` FROM `rs_resume` WHERE  `id` = 196448 LIMIT 1 [ RunTime:0.023001s ]
[ sql ] [ SQL ] SELECT `name` FROM `rs_resume` WHERE  `id` = 196449 LIMIT 1 [ RunTime:0.023002s ]
[ sql ] [ SQL ] SELECT `name` FROM `rs_resume` WHERE  `id` = 196450 LIMIT 1 [ RunTime:0.023001s ]
[ sql ] [ SQL ] SELECT `name` FROM `rs_resume` WHERE  `id` = 196451 LIMIT 1 [ RunTime:0.022001s ]
[ sql ] [ SQL ] SELECT `name` FROM `rs_resume` WHERE  `id` = 196452 LIMIT 1 [ RunTime:0.023002s ]
[ sql ] [ SQL ] SELECT `name` FROM `rs_resume` WHERE  `id` = 196453 LIMIT 1 [ RunTime:0.024001s ]
[ sql ] [ SQL ] SELECT `name` FROM `rs_resume` WHERE  `id` = 196454 LIMIT 1 [ RunTime:0.022001s ]
[ sql ] [ SQL ] SELECT `name` FROM `rs_resume` WHERE  `id` = 196455 LIMIT 1 [ RunTime:0.022002s ]
[ sql ] [ SQL ] SELECT `name` FROM `rs_resume` WHERE  `id` = 196456 LIMIT 1 [ RunTime:0.022001s ]
[ sql ] [ SQL ] SELECT `name` FROM `rs_resume` WHERE  `id` = 196457 LIMIT 1 [ RunTime:0.022001s ]
[ sql ] [ SQL ] SELECT `name` FROM `rs_resume` WHERE  `id` = 196458 LIMIT 1 [ RunTime:0.022001s ]
[ sql ] [ SQL ] SELECT `name` FROM `rs_resume` WHERE  `id` = 196459 LIMIT 1 [ RunTime:0.024002s ]
[ sql ] [ SQL ] SELECT `name` FROM `rs_resume` WHERE  `id` = 196460 LIMIT 1 [ RunTime:0.023001s ]
[ sql ] [ SQL ] SELECT `name` FROM `rs_resume` WHERE  `id` = 196461 LIMIT 1 [ RunTime:0.024002s ]
[ sql ] [ SQL ] SELECT `name` FROM `rs_resume` WHERE  `id` = 196462 LIMIT 1 [ RunTime:0.024001s ]
[ sql ] [ SQL ] SELECT `name` FROM `rs_resume` WHERE  `id` = 196463 LIMIT 1 [ RunTime:0.027001s ]
[ sql ] [ SQL ] SELECT `name` FROM `rs_resume` WHERE  `id` = 196464 LIMIT 1 [ RunTime:0.028002s ]
[ sql ] [ SQL ] SELECT `name` FROM `rs_resume` WHERE  `id` = 196465 LIMIT 1 [ RunTime:0.023001s ]
[ sql ] [ SQL ] SELECT `name` FROM `rs_resume` WHERE  `id` = 196466 LIMIT 1 [ RunTime:0.023002s ]
[ sql ] [ SQL ] SELECT `name` FROM `rs_resume` WHERE  `id` = 196467 LIMIT 1 [ RunTime:0.024001s ]
[ sql ] [ SQL ] SELECT `name` FROM `rs_resume` WHERE  `id` = 196468 LIMIT 1 [ RunTime:0.024002s ]
[ sql ] [ SQL ] SELECT `name` FROM `rs_resume` WHERE  `id` = 196469 LIMIT 1 [ RunTime:0.022001s ]
[ sql ] [ SQL ] SELECT `name` FROM `rs_resume` WHERE  `id` = 196470 LIMIT 1 [ RunTime:0.026001s ]
[ sql ] [ SQL ] SELECT `name` FROM `rs_resume` WHERE  `id` = 196471 LIMIT 1 [ RunTime:0.022002s ]
[ sql ] [ SQL ] SELECT `name` FROM `rs_resume` WHERE  `id` = 196472 LIMIT 1 [ RunTime:0.023001s ]
[ sql ] [ SQL ] SELECT `name` FROM `rs_resume` WHERE  `id` = 196473 LIMIT 1 [ RunTime:0.022001s ]
[ sql ] [ SQL ] SELECT `name` FROM `rs_resume` WHERE  `id` = 196474 LIMIT 1 [ RunTime:0.023002s ]
[ sql ] [ SQL ] SELECT `name` FROM `rs_resume` WHERE  `id` = 196475 LIMIT 1 [ RunTime:0.024001s ]
[ sql ] [ SQL ] SELECT `name` FROM `rs_resume` WHERE  `id` = 196476 LIMIT 1 [ RunTime:0.022001s ]
[ sql ] [ SQL ] SELECT `name` FROM `rs_resume` WHERE  `id` = 196477 LIMIT 1 [ RunTime:0.023002s ]
[ sql ] [ SQL ] SELECT `name` FROM `rs_resume` WHERE  `id` = 196478 LIMIT 1 [ RunTime:0.022001s ]
[ sql ] [ SQL ] SELECT `name` FROM `rs_resume` WHERE  `id` = 196479 LIMIT 1 [ RunTime:0.022001s ]
[ sql ] [ SQL ] SELECT `name` FROM `rs_resume` WHERE  `id` = 196480 LIMIT 1 [ RunTime:0.023002s ]
[ sql ] [ SQL ] SELECT `name` FROM `rs_resume` WHERE  `id` = 196481 LIMIT 1 [ RunTime:0.022001s ]
[ sql ] [ SQL ] SELECT `name` FROM `rs_resume` WHERE  `id` = 196482 LIMIT 1 [ RunTime:0.022001s ]
[ sql ] [ SQL ] SELECT `name` FROM `rs_resume` WHERE  `id` = 196483 LIMIT 1 [ RunTime:0.023002s ]
[ sql ] [ SQL ] SELECT `name` FROM `rs_resume` WHERE  `id` = 196484 LIMIT 1 [ RunTime:0.024001s ]
[ sql ] [ SQL ] SELECT `name` FROM `rs_resume` WHERE  `id` = 196485 LIMIT 1 [ RunTime:0.024001s ]
[ sql ] [ SQL ] SELECT `name` FROM `rs_resume` WHERE  `id` = 196486 LIMIT 1 [ RunTime:0.025002s ]
[ sql ] [ SQL ] SELECT `name` FROM `rs_resume` WHERE  `id` = 196487 LIMIT 1 [ RunTime:0.023001s ]
[ sql ] [ SQL ] SELECT `name` FROM `rs_resume` WHERE  `id` = 196488 LIMIT 1 [ RunTime:0.024001s ]
[ sql ] [ SQL ] SELECT `name` FROM `rs_resume` WHERE  `id` = 196489 LIMIT 1 [ RunTime:0.023002s ]
[ sql ] [ SQL ] SELECT `name` FROM `rs_resume` WHERE  `id` = 196490 LIMIT 1 [ RunTime:0.022001s ]
[ sql ] [ SQL ] SELECT `name` FROM `rs_resume` WHERE  `id` = 196491 LIMIT 1 [ RunTime:0.024001s ]
[ sql ] [ SQL ] SELECT `name` FROM `rs_resume` WHERE  `id` = 196492 LIMIT 1 [ RunTime:0.023002s ]
[ sql ] [ SQL ] SELECT `name` FROM `rs_resume` WHERE  `id` = 196493 LIMIT 1 [ RunTime:0.023001s ]
[ sql ] [ SQL ] SELECT `name` FROM `rs_resume` WHERE  `id` = 196494 LIMIT 1 [ RunTime:0.023001s ]
[ sql ] [ SQL ] SELECT `name` FROM `rs_resume` WHERE  `id` = 196495 LIMIT 1 [ RunTime:0.023002s ]
[ sql ] [ SQL ] SELECT `name` FROM `rs_resume` WHERE  `id` = 196496 LIMIT 1 [ RunTime:0.024001s ]
[ sql ] [ SQL ] SELECT `name` FROM `rs_resume` WHERE  `id` = 196497 LIMIT 1 [ RunTime:0.023001s ]
[ sql ] [ SQL ] SELECT `name` FROM `rs_resume` WHERE  `id` = 196498 LIMIT 1 [ RunTime:0.023002s ]
[ sql ] [ SQL ] SELECT `name` FROM `rs_resume` WHERE  `id` = 196499 LIMIT 1 [ RunTime:0.023001s ]
[ sql ] [ SQL ] SELECT `name` FROM `rs_resume` WHERE  `id` = 196500 LIMIT 1 [ RunTime:0.023001s ]
[ sql ] [ SQL ] SELECT `name` FROM `rs_resume` WHERE  `id` = 196501 LIMIT 1 [ RunTime:0.023002s ]
[ sql ] [ SQL ] SELECT `name` FROM `rs_resume` WHERE  `id` = 196502 LIMIT 1 [ RunTime:0.024001s ]
[ sql ] [ SQL ] SELECT `name` FROM `rs_resume` WHERE  `id` = 196503 LIMIT 1 [ RunTime:0.024002s ]
[ sql ] [ SQL ] SELECT `name` FROM `rs_resume` WHERE  `id` = 196504 LIMIT 1 [ RunTime:0.024001s ]
[ sql ] [ SQL ] SELECT `name` FROM `rs_resume` WHERE  `id` = 196505 LIMIT 1 [ RunTime:0.023001s ]
[ sql ] [ SQL ] SELECT `name` FROM `rs_resume` WHERE  `id` = 196506 LIMIT 1 [ RunTime:0.023002s ]
[ sql ] [ SQL ] SELECT `name` FROM `rs_resume` WHERE  `id` = 196507 LIMIT 1 [ RunTime:0.024001s ]
[ sql ] [ SQL ] SELECT `name` FROM `rs_resume` WHERE  `id` = 196508 LIMIT 1 [ RunTime:0.023001s ]
[ sql ] [ SQL ] SELECT `name` FROM `rs_resume` WHERE  `id` = 196509 LIMIT 1 [ RunTime:0.023001s ]
[ sql ] [ SQL ] SELECT `name` FROM `rs_resume` WHERE  `id` = 196510 LIMIT 1 [ RunTime:0.023001s ]
[ sql ] [ SQL ] SELECT `name` FROM `rs_resume` WHERE  `id` = 196511 LIMIT 1 [ RunTime:0.024002s ]
[ sql ] [ SQL ] SELECT `name` FROM `rs_resume` WHERE  `id` = 196512 LIMIT 1 [ RunTime:0.023001s ]
[ sql ] [ SQL ] SELECT `name` FROM `rs_resume` WHERE  `id` = 196513 LIMIT 1 [ RunTime:0.023001s ]
[ sql ] [ SQL ] SELECT `name` FROM `rs_resume` WHERE  `id` = 196514 LIMIT 1 [ RunTime:0.024002s ]
[ sql ] [ SQL ] SELECT `name` FROM `rs_resume` WHERE  `id` = 196515 LIMIT 1 [ RunTime:0.023001s ]
[ sql ] [ SQL ] SELECT `name` FROM `rs_resume` WHERE  `id` = 196516 LIMIT 1 [ RunTime:0.024001s ]
[ sql ] [ SQL ] SELECT `name` FROM `rs_resume` WHERE  `id` = 196517 LIMIT 1 [ RunTime:0.023002s ]
[ sql ] [ SQL ] SELECT `name` FROM `rs_resume` WHERE  `id` = 196518 LIMIT 1 [ RunTime:0.023001s ]
[ sql ] [ SQL ] SELECT `name` FROM `rs_resume` WHERE  `id` = 196519 LIMIT 1 [ RunTime:0.024001s ]
[ sql ] [ SQL ] SELECT `name` FROM `rs_resume` WHERE  `id` = 196520 LIMIT 1 [ RunTime:0.023001s ]
[ sql ] [ SQL ] SELECT `name` FROM `rs_resume` WHERE  `id` = 196521 LIMIT 1 [ RunTime:0.024001s ]
[ sql ] [ SQL ] SELECT `name` FROM `rs_resume` WHERE  `id` = 196522 LIMIT 1 [ RunTime:0.023002s ]
[ sql ] [ SQL ] SELECT `name` FROM `rs_resume` WHERE  `id` = 196523 LIMIT 1 [ RunTime:0.024001s ]
[ sql ] [ SQL ] SELECT `name` FROM `rs_resume` WHERE  `id` = 196524 LIMIT 1 [ RunTime:0.024002s ]
[ sql ] [ SQL ] SELECT `name` FROM `rs_resume` WHERE  `id` = 196525 LIMIT 1 [ RunTime:0.023001s ]
[ sql ] [ SQL ] SELECT `name` FROM `rs_resume` WHERE  `id` = 196526 LIMIT 1 [ RunTime:0.023001s ]
[ sql ] [ SQL ] SELECT `name` FROM `rs_resume` WHERE  `id` = 196527 LIMIT 1 [ RunTime:0.024002s ]
[ sql ] [ SQL ] SELECT `name` FROM `rs_resume` WHERE  `id` = 196528 LIMIT 1 [ RunTime:0.023001s ]
[ sql ] [ SQL ] SELECT `name` FROM `rs_resume` WHERE  `id` = 196529 LIMIT 1 [ RunTime:0.023001s ]
[ sql ] [ SQL ] SELECT `name` FROM `rs_resume` WHERE  `id` = 196530 LIMIT 1 [ RunTime:0.023002s ]
[ sql ] [ SQL ] SELECT `name` FROM `rs_resume` WHERE  `id` = 196531 LIMIT 1 [ RunTime:0.023001s ]
[ sql ] [ SQL ] SELECT `name` FROM `rs_resume` WHERE  `id` = 196532 LIMIT 1 [ RunTime:0.024001s ]
[ sql ] [ SQL ] SELECT `name` FROM `rs_resume` WHERE  `id` = 196533 LIMIT 1 [ RunTime:0.023002s ]
[ sql ] [ SQL ] SELECT `name` FROM `rs_resume` WHERE  `id` = 196534 LIMIT 1 [ RunTime:0.023001s ]
[ sql ] [ SQL ] SELECT `name` FROM `rs_resume` WHERE  `id` = 196535 LIMIT 1 [ RunTime:0.023001s ]
[ sql ] [ SQL ] SELECT `name` FROM `rs_resume` WHERE  `id` = 196536 LIMIT 1 [ RunTime:0.025002s ]
[ sql ] [ SQL ] SELECT `name` FROM `rs_resume` WHERE  `id` = 196537 LIMIT 1 [ RunTime:0.023001s ]
[ sql ] [ SQL ] SELECT `name` FROM `rs_resume` WHERE  `id` = 196538 LIMIT 1 [ RunTime:0.023001s ]
[ sql ] [ SQL ] SELECT `name` FROM `rs_resume` WHERE  `id` = 196539 LIMIT 1 [ RunTime:0.025002s ]
[ sql ] [ SQL ] SELECT `name` FROM `rs_resume` WHERE  `id` = 196540 LIMIT 1 [ RunTime:0.026001s ]
[ sql ] [ SQL ] SELECT `name` FROM `rs_resume` WHERE  `id` = 196541 LIMIT 1 [ RunTime:0.025002s ]
[ sql ] [ SQL ] SELECT `name` FROM `rs_resume` WHERE  `id` = 196542 LIMIT 1 [ RunTime:0.025001s ]
[ sql ] [ SQL ] SELECT `name` FROM `rs_resume` WHERE  `id` = 196543 LIMIT 1 [ RunTime:0.030002s ]
[ sql ] [ SQL ] SELECT `name` FROM `rs_resume` WHERE  `id` = 196544 LIMIT 1 [ RunTime:0.027002s ]
[ sql ] [ SQL ] SELECT `name` FROM `rs_resume` WHERE  `id` = 196545 LIMIT 1 [ RunTime:0.026001s ]
[ sql ] [ SQL ] SELECT `name` FROM `rs_resume` WHERE  `id` = 196546 LIMIT 1 [ RunTime:0.030002s ]
[ sql ] [ SQL ] SELECT `name` FROM `rs_resume` WHERE  `id` = 196547 LIMIT 1 [ RunTime:0.027001s ]
[ sql ] [ SQL ] SELECT `name` FROM `rs_resume` WHERE  `id` = 196548 LIMIT 1 [ RunTime:0.028002s ]
[ sql ] [ SQL ] SELECT `name` FROM `rs_resume` WHERE  `id` = 196549 LIMIT 1 [ RunTime:0.024001s ]
[ sql ] [ SQL ] SELECT `name` FROM `rs_resume` WHERE  `id` = 196550 LIMIT 1 [ RunTime:0.024002s ]
[ sql ] [ SQL ] SELECT `name` FROM `rs_resume` WHERE  `id` = 196551 LIMIT 1 [ RunTime:0.024001s ]
[ sql ] [ SQL ] SELECT `name` FROM `rs_resume` WHERE  `id` = 196552 LIMIT 1 [ RunTime:0.023002s ]
[ sql ] [ SQL ] SELECT `name` FROM `rs_resume` WHERE  `id` = 196553 LIMIT 1 [ RunTime:0.024001s ]
[ sql ] [ SQL ] SELECT `name` FROM `rs_resume` WHERE  `id` = 196554 LIMIT 1 [ RunTime:0.024001s ]
[ sql ] [ SQL ] SELECT `name` FROM `rs_resume` WHERE  `id` = 196555 LIMIT 1 [ RunTime:0.024002s ]
[ sql ] [ SQL ] SELECT `name` FROM `rs_resume` WHERE  `id` = 196556 LIMIT 1 [ RunTime:0.024001s ]
[ sql ] [ SQL ] SELECT `name` FROM `rs_resume` WHERE  `id` = 196557 LIMIT 1 [ RunTime:0.023001s ]
[ sql ] [ SQL ] SELECT `name` FROM `rs_resume` WHERE  `id` = 196558 LIMIT 1 [ RunTime:0.023002s ]
[ sql ] [ SQL ] SELECT `name` FROM `rs_resume` WHERE  `id` = 196559 LIMIT 1 [ RunTime:0.022001s ]
[ sql ] [ SQL ] SELECT `name` FROM `rs_resume` WHERE  `id` = 196560 LIMIT 1 [ RunTime:0.022001s ]
[ sql ] [ SQL ] SELECT `name` FROM `rs_resume` WHERE  `id` = 196561 LIMIT 1 [ RunTime:0.024002s ]
[ sql ] [ SQL ] SELECT `name` FROM `rs_resume` WHERE  `id` = 196562 LIMIT 1 [ RunTime:0.024001s ]
[ sql ] [ SQL ] SELECT `name` FROM `rs_resume` WHERE  `id` = 196563 LIMIT 1 [ RunTime:0.023001s ]
[ sql ] [ SQL ] SELECT `name` FROM `rs_resume` WHERE  `id` = 196564 LIMIT 1 [ RunTime:0.023002s ]
[ sql ] [ SQL ] SELECT `name` FROM `rs_resume` WHERE  `id` = 196565 LIMIT 1 [ RunTime:0.024001s ]
[ sql ] [ SQL ] SELECT `name` FROM `rs_resume` WHERE  `id` = 196566 LIMIT 1 [ RunTime:0.023001s ]
[ sql ] [ SQL ] SELECT `name` FROM `rs_resume` WHERE  `id` = 196567 LIMIT 1 [ RunTime:0.024001s ]
[ sql ] [ SQL ] SELECT `name` FROM `rs_resume` WHERE  `id` = 196568 LIMIT 1 [ RunTime:0.023001s ]
[ sql ] [ SQL ] SELECT `name` FROM `rs_resume` WHERE  `id` = 196569 LIMIT 1 [ RunTime:0.023002s ]
[ sql ] [ SQL ] SELECT `name` FROM `rs_resume` WHERE  `id` = 196570 LIMIT 1 [ RunTime:0.023001s ]
[ sql ] [ SQL ] SELECT `name` FROM `rs_resume` WHERE  `id` = 196571 LIMIT 1 [ RunTime:0.023001s ]
[ sql ] [ SQL ] SELECT `name` FROM `rs_resume` WHERE  `id` = 196572 LIMIT 1 [ RunTime:0.023002s ]
[ sql ] [ SQL ] SELECT `name` FROM `rs_resume` WHERE  `id` = 196573 LIMIT 1 [ RunTime:0.023001s ]
[ sql ] [ SQL ] SELECT `name` FROM `rs_resume` WHERE  `id` = 196574 LIMIT 1 [ RunTime:0.024001s ]
[ sql ] [ SQL ] SELECT `name` FROM `rs_resume` WHERE  `id` = 196575 LIMIT 1 [ RunTime:0.023002s ]
[ sql ] [ SQL ] SELECT `name` FROM `rs_resume` WHERE  `id` = 196576 LIMIT 1 [ RunTime:0.023001s ]
[ sql ] [ SQL ] SELECT `name` FROM `rs_resume` WHERE  `id` = 196577 LIMIT 1 [ RunTime:0.023001s ]
[ sql ] [ SQL ] SELECT `name` FROM `rs_resume` WHERE  `id` = 196578 LIMIT 1 [ RunTime:0.022002s ]
[ sql ] [ SQL ] SELECT `name` FROM `rs_resume` WHERE  `id` = 196579 LIMIT 1 [ RunTime:0.022001s ]
[ sql ] [ SQL ] SELECT `name` FROM `rs_resume` WHERE  `id` = 196580 LIMIT 1 [ RunTime:0.022001s ]
[ sql ] [ SQL ] SELECT `name` FROM `rs_resume` WHERE  `id` = 196581 LIMIT 1 [ RunTime:0.022002s ]
[ sql ] [ SQL ] SELECT `name` FROM `rs_resume` WHERE  `id` = 196582 LIMIT 1 [ RunTime:0.023001s ]
[ sql ] [ SQL ] SELECT `name` FROM `rs_resume` WHERE  `id` = 196583 LIMIT 1 [ RunTime:0.028001s ]
[ sql ] [ SQL ] SELECT `name` FROM `rs_resume` WHERE  `id` = 196584 LIMIT 1 [ RunTime:0.023002s ]
[ sql ] [ SQL ] SELECT `name` FROM `rs_resume` WHERE  `id` = 196585 LIMIT 1 [ RunTime:0.023001s ]
[ sql ] [ SQL ] SELECT `name` FROM `rs_resume` WHERE  `id` = 196586 LIMIT 1 [ RunTime:0.025002s ]
[ sql ] [ SQL ] SELECT `name` FROM `rs_resume` WHERE  `id` = 196587 LIMIT 1 [ RunTime:0.023001s ]
[ sql ] [ SQL ] SELECT `name` FROM `rs_resume` WHERE  `id` = 196588 LIMIT 1 [ RunTime:0.023001s ]
[ sql ] [ SQL ] SELECT `name` FROM `rs_resume` WHERE  `id` = 196589 LIMIT 1 [ RunTime:0.024002s ]
[ sql ] [ SQL ] SELECT `name` FROM `rs_resume` WHERE  `id` = 196590 LIMIT 1 [ RunTime:0.023001s ]
[ sql ] [ SQL ] SELECT `name` FROM `rs_resume` WHERE  `id` = 196591 LIMIT 1 [ RunTime:0.025001s ]
[ sql ] [ SQL ] SELECT `name` FROM `rs_resume` WHERE  `id` = 196592 LIMIT 1 [ RunTime:0.023002s ]
[ sql ] [ SQL ] SELECT `name` FROM `rs_resume` WHERE  `id` = 196593 LIMIT 1 [ RunTime:0.022001s ]
[ sql ] [ SQL ] SELECT `name` FROM `rs_resume` WHERE  `id` = 196594 LIMIT 1 [ RunTime:0.022001s ]
[ sql ] [ SQL ] SELECT `name` FROM `rs_resume` WHERE  `id` = 196595 LIMIT 1 [ RunTime:0.022002s ]
[ sql ] [ SQL ] SELECT `name` FROM `rs_resume` WHERE  `id` = 196596 LIMIT 1 [ RunTime:0.022001s ]
[ sql ] [ SQL ] SELECT `name` FROM `rs_resume` WHERE  `id` = 196597 LIMIT 1 [ RunTime:0.022001s ]
[ sql ] [ SQL ] SELECT `name` FROM `rs_resume` WHERE  `id` = 196598 LIMIT 1 [ RunTime:0.024002s ]
[ sql ] [ SQL ] SELECT `name` FROM `rs_resume` WHERE  `id` = 196599 LIMIT 1 [ RunTime:0.022001s ]
[ sql ] [ SQL ] SELECT `name` FROM `rs_resume` WHERE  `id` = 196600 LIMIT 1 [ RunTime:0.023001s ]
[ sql ] [ SQL ] SELECT `name` FROM `rs_resume` WHERE  `id` = 196601 LIMIT 1 [ RunTime:0.023002s ]
[ sql ] [ SQL ] SELECT `name` FROM `rs_resume` WHERE  `id` = 196602 LIMIT 1 [ RunTime:0.023001s ]
[ sql ] [ SQL ] SELECT `name` FROM `rs_resume` WHERE  `id` = 196603 LIMIT 1 [ RunTime:0.024001s ]
[ sql ] [ SQL ] SELECT `name` FROM `rs_resume` WHERE  `id` = 196604 LIMIT 1 [ RunTime:0.024002s ]
[ sql ] [ SQL ] SELECT `name` FROM `rs_resume` WHERE  `id` = 196605 LIMIT 1 [ RunTime:0.023001s ]
[ sql ] [ SQL ] SELECT `name` FROM `rs_resume` WHERE  `id` = 196606 LIMIT 1 [ RunTime:0.026002s ]
[ sql ] [ SQL ] SELECT `name` FROM `rs_resume` WHERE  `id` = 196607 LIMIT 1 [ RunTime:0.023001s ]
[ sql ] [ SQL ] SELECT `name` FROM `rs_resume` WHERE  `id` = 196608 LIMIT 1 [ RunTime:0.024001s ]
[ sql ] [ SQL ] SELECT `name` FROM `rs_resume` WHERE  `id` = 196609 LIMIT 1 [ RunTime:0.024002s ]
[ sql ] [ SQL ] SELECT `name` FROM `rs_resume` WHERE  `id` = 196610 LIMIT 1 [ RunTime:0.023001s ]
[ sql ] [ SQL ] SELECT `name` FROM `rs_resume` WHERE  `id` = 196611 LIMIT 1 [ RunTime:0.023001s ]
[ sql ] [ SQL ] SELECT `name` FROM `rs_resume` WHERE  `id` = 196612 LIMIT 1 [ RunTime:0.023001s ]
[ sql ] [ SQL ] SELECT `name` FROM `rs_resume` WHERE  `id` = 196613 LIMIT 1 [ RunTime:0.023001s ]
[ sql ] [ SQL ] SELECT `name` FROM `rs_resume` WHERE  `id` = 196614 LIMIT 1 [ RunTime:0.023002s ]
[ sql ] [ SQL ] SELECT `name` FROM `rs_resume` WHERE  `id` = 196615 LIMIT 1 [ RunTime:0.023001s ]
[ sql ] [ SQL ] SELECT `name` FROM `rs_resume` WHERE  `id` = 196616 LIMIT 1 [ RunTime:0.025001s ]
[ sql ] [ SQL ] SELECT `name` FROM `rs_resume` WHERE  `id` = 196617 LIMIT 1 [ RunTime:0.023002s ]
[ sql ] [ SQL ] SELECT `name` FROM `rs_resume` WHERE  `id` = 196618 LIMIT 1 [ RunTime:0.023001s ]
[ sql ] [ SQL ] SELECT `name` FROM `rs_resume` WHERE  `id` = 196619 LIMIT 1 [ RunTime:0.024001s ]
[ sql ] [ SQL ] SELECT `name` FROM `rs_resume` WHERE  `id` = 196620 LIMIT 1 [ RunTime:0.024002s ]
[ sql ] [ SQL ] SELECT `name` FROM `rs_resume` WHERE  `id` = 196621 LIMIT 1 [ RunTime:0.023001s ]
[ sql ] [ SQL ] SELECT `name` FROM `rs_resume` WHERE  `id` = 196622 LIMIT 1 [ RunTime:0.023001s ]
[ sql ] [ SQL ] SELECT `name` FROM `rs_resume` WHERE  `id` = 196623 LIMIT 1 [ RunTime:0.026002s ]
[ sql ] [ SQL ] SELECT `name` FROM `rs_resume` WHERE  `id` = 196624 LIMIT 1 [ RunTime:0.029001s ]
[ sql ] [ SQL ] SELECT `name` FROM `rs_resume` WHERE  `id` = 196625 LIMIT 1 [ RunTime:0.031002s ]
[ sql ] [ SQL ] SELECT `name` FROM `rs_resume` WHERE  `id` = 196626 LIMIT 1 [ RunTime:0.028002s ]
[ sql ] [ SQL ] SELECT `name` FROM `rs_resume` WHERE  `id` = 196627 LIMIT 1 [ RunTime:0.026001s ]
[ sql ] [ SQL ] SELECT `name` FROM `rs_resume` WHERE  `id` = 196628 LIMIT 1 [ RunTime:0.029002s ]
[ sql ] [ SQL ] SELECT `name` FROM `rs_resume` WHERE  `id` = 196629 LIMIT 1 [ RunTime:0.027002s ]
[ sql ] [ SQL ] SELECT `name` FROM `rs_resume` WHERE  `id` = 196630 LIMIT 1 [ RunTime:0.027001s ]
[ sql ] [ SQL ] SELECT `name` FROM `rs_resume` WHERE  `id` = 196631 LIMIT 1 [ RunTime:0.028002s ]
[ sql ] [ SQL ] SELECT `name` FROM `rs_resume` WHERE  `id` = 196632 LIMIT 1 [ RunTime:0.026001s ]
[ sql ] [ SQL ] SELECT `name` FROM `rs_resume` WHERE  `id` = 196633 LIMIT 1 [ RunTime:0.304018s ]
[ sql ] [ SQL ] SELECT `name` FROM `rs_resume` WHERE  `id` = 196634 LIMIT 1 [ RunTime:0.025001s ]
[ sql ] [ SQL ] SELECT `screen`,`arrange_interview`,`arrive`,`approved_interview`,`entry`,`ct_user`,`resume_id`,`communicate_time` FROM `rs_communicate` WHERE  ( communicate_time between '2018-01-01' and '2018-03-31' and ct_user = 'Sayaka' ) [ RunTime:0.024002s ]
[ sql ] [ SQL ] SELECT `screen`,`arrange_interview`,`arrive`,`approved_interview`,`entry`,`ct_user`,`resume_id`,`communicate_time` FROM `rs_communicate` WHERE  ( communicate_time between '2018-01-01' and '2018-03-31' and ct_user = 'Jessica' ) [ RunTime:0.026001s ]
[ sql ] [ SQL ] SELECT `screen`,`arrange_interview`,`arrive`,`approved_interview`,`entry`,`ct_user`,`resume_id`,`communicate_time` FROM `rs_communicate` WHERE  ( communicate_time between '2018-01-01' and '2018-03-31' and ct_user = 'tingting' ) [ RunTime:0.025002s ]
[ sql ] [ SQL ] SELECT `screen`,`arrange_interview`,`arrive`,`approved_interview`,`entry`,`ct_user`,`resume_id`,`communicate_time` FROM `rs_communicate` WHERE  ( communicate_time between '2018-01-01' and '2018-03-31' and ct_user = 'xiangjing' ) [ RunTime:0.025001s ]
[ sql ] [ SQL ] SELECT `screen`,`arrange_interview`,`arrive`,`approved_interview`,`entry`,`ct_user`,`resume_id`,`communicate_time` FROM `rs_communicate` WHERE  ( communicate_time between '2018-01-01' and '2018-03-31' and ct_user = 'Tiffany' ) [ RunTime:0.027002s ]
[ sql ] [ SQL ] SELECT `screen`,`arrange_interview`,`arrive`,`approved_interview`,`entry`,`ct_user`,`resume_id`,`communicate_time` FROM `rs_communicate` WHERE  ( communicate_time between '2018-01-01' and '2018-03-31' and ct_user = 'Lily' ) [ RunTime:0.026001s ]
[ sql ] [ SQL ] SELECT `screen`,`arrange_interview`,`arrive`,`approved_interview`,`entry`,`ct_user`,`resume_id`,`communicate_time` FROM `rs_communicate` WHERE  ( communicate_time between '2018-01-01' and '2018-03-31' and ct_user = 'Echo' ) [ RunTime:0.024002s ]
[ sql ] [ SQL ] SELECT `screen`,`arrange_interview`,`arrive`,`approved_interview`,`entry`,`ct_user`,`resume_id`,`communicate_time` FROM `rs_communicate` WHERE  ( communicate_time between '2018-01-01' and '2018-03-31' and ct_user = 'Tina' ) [ RunTime:0.024001s ]
---------------------------------------------------------------
[ 2019-02-25T19:16:40+08:00 ] 127.0.0.1 GET www.job.com/api/report/person_recru/candidate_list?dtfm=2018-02-28&dtto=2018-02-28&_d=1551093397268
[ sql ] [ DB ] CONNECT:[ UseTime:0.005001s ] mysql:host=192.168.199.134;port=3306;dbname=test_resume;charset=utf8
[ sql ] [ SQL ] SHOW COLUMNS FROM `rs_resume` [ RunTime:0.004000s ]
[ sql ] [ SQL ] SELECT `id`,`name`,`phone`,`email`,`school`,`educational`,`graduation_time`,`work_year`,`source`,`ct_user`,`ct_time`,`company_type`,`expected_job` FROM `rs_resume` WHERE  ( ct_time between '2018-02-28' and '2018-02-28' ) [ RunTime:0.031002s ]
[ sql ] [ SQL ] SHOW COLUMNS FROM `rs_communicate` [ RunTime:0.024001s ]
[ sql ] [ SQL ] SELECT `a`.`resume_id`,`a`.`id`,`a`.`ct_user`,`b`.`personal_name`,`a`.`communicate_time` FROM `rs_communicate` `a` INNER JOIN `rs_user` `b` ON `a`.`ct_user`=`b`.`uname` WHERE  ( communicate_time between '2018-02-28' and '2018-02-28' and resume_id = 193701 ) ORDER BY `a`.`mfy_time` DESC [ RunTime:0.035002s ]
[ sql ] [ SQL ] SELECT `a`.`resume_id`,`a`.`id`,`a`.`ct_user`,`b`.`personal_name`,`a`.`communicate_time` FROM `rs_communicate` `a` INNER JOIN `rs_user` `b` ON `a`.`ct_user`=`b`.`uname` WHERE  ( communicate_time between '2018-02-28' and '2018-02-28' and resume_id = 193702 ) ORDER BY `a`.`mfy_time` DESC [ RunTime:0.037002s ]
[ sql ] [ SQL ] SELECT `a`.`resume_id`,`a`.`id`,`a`.`ct_user`,`b`.`personal_name`,`a`.`communicate_time` FROM `rs_communicate` `a` INNER JOIN `rs_user` `b` ON `a`.`ct_user`=`b`.`uname` WHERE  ( communicate_time between '2018-02-28' and '2018-02-28' and resume_id = 193703 ) ORDER BY `a`.`mfy_time` DESC [ RunTime:0.037002s ]
[ sql ] [ SQL ] SELECT `a`.`resume_id`,`a`.`id`,`a`.`ct_user`,`b`.`personal_name`,`a`.`communicate_time` FROM `rs_communicate` `a` INNER JOIN `rs_user` `b` ON `a`.`ct_user`=`b`.`uname` WHERE  ( communicate_time between '2018-02-28' and '2018-02-28' and resume_id = 193704 ) ORDER BY `a`.`mfy_time` DESC [ RunTime:0.032001s ]
[ sql ] [ SQL ] SELECT `a`.`resume_id`,`a`.`id`,`a`.`ct_user`,`b`.`personal_name`,`a`.`communicate_time` FROM `rs_communicate` `a` INNER JOIN `rs_user` `b` ON `a`.`ct_user`=`b`.`uname` WHERE  ( communicate_time between '2018-02-28' and '2018-02-28' and resume_id = 193705 ) ORDER BY `a`.`mfy_time` DESC [ RunTime:0.032002s ]
[ sql ] [ SQL ] SELECT `a`.`resume_id`,`a`.`id`,`a`.`ct_user`,`b`.`personal_name`,`a`.`communicate_time` FROM `rs_communicate` `a` INNER JOIN `rs_user` `b` ON `a`.`ct_user`=`b`.`uname` WHERE  ( communicate_time between '2018-02-28' and '2018-02-28' and resume_id = 193706 ) ORDER BY `a`.`mfy_time` DESC [ RunTime:0.033002s ]
[ sql ] [ SQL ] SELECT `a`.`resume_id`,`a`.`id`,`a`.`ct_user`,`b`.`personal_name`,`a`.`communicate_time` FROM `rs_communicate` `a` INNER JOIN `rs_user` `b` ON `a`.`ct_user`=`b`.`uname` WHERE  ( communicate_time between '2018-02-28' and '2018-02-28' and resume_id = 193707 ) ORDER BY `a`.`mfy_time` DESC [ RunTime:0.032002s ]
[ sql ] [ SQL ] SELECT `a`.`resume_id`,`a`.`id`,`a`.`ct_user`,`b`.`personal_name`,`a`.`communicate_time` FROM `rs_communicate` `a` INNER JOIN `rs_user` `b` ON `a`.`ct_user`=`b`.`uname` WHERE  ( communicate_time between '2018-02-28' and '2018-02-28' and resume_id = 193708 ) ORDER BY `a`.`mfy_time` DESC [ RunTime:0.032002s ]
[ sql ] [ SQL ] SELECT `a`.`resume_id`,`a`.`id`,`a`.`ct_user`,`b`.`personal_name`,`a`.`communicate_time` FROM `rs_communicate` `a` INNER JOIN `rs_user` `b` ON `a`.`ct_user`=`b`.`uname` WHERE  ( communicate_time between '2018-02-28' and '2018-02-28' and resume_id = 193709 ) ORDER BY `a`.`mfy_time` DESC [ RunTime:0.036002s ]
[ sql ] [ SQL ] SELECT `a`.`resume_id`,`a`.`id`,`a`.`ct_user`,`b`.`personal_name`,`a`.`communicate_time` FROM `rs_communicate` `a` INNER JOIN `rs_user` `b` ON `a`.`ct_user`=`b`.`uname` WHERE  ( communicate_time between '2018-02-28' and '2018-02-28' and resume_id = 193710 ) ORDER BY `a`.`mfy_time` DESC [ RunTime:0.032002s ]
[ sql ] [ SQL ] SELECT `a`.`resume_id`,`a`.`id`,`a`.`ct_user`,`b`.`personal_name`,`a`.`communicate_time` FROM `rs_communicate` `a` INNER JOIN `rs_user` `b` ON `a`.`ct_user`=`b`.`uname` WHERE  ( communicate_time between '2018-02-28' and '2018-02-28' and resume_id = 193711 ) ORDER BY `a`.`mfy_time` DESC [ RunTime:0.037002s ]
[ sql ] [ SQL ] SELECT `a`.`resume_id`,`a`.`id`,`a`.`ct_user`,`b`.`personal_name`,`a`.`communicate_time` FROM `rs_communicate` `a` INNER JOIN `rs_user` `b` ON `a`.`ct_user`=`b`.`uname` WHERE  ( communicate_time between '2018-02-28' and '2018-02-28' and resume_id = 193712 ) ORDER BY `a`.`mfy_time` DESC [ RunTime:0.037002s ]
[ sql ] [ SQL ] SELECT `a`.`resume_id`,`a`.`id`,`a`.`ct_user`,`b`.`personal_name`,`a`.`communicate_time` FROM `rs_communicate` `a` INNER JOIN `rs_user` `b` ON `a`.`ct_user`=`b`.`uname` WHERE  ( communicate_time between '2018-02-28' and '2018-02-28' and resume_id = 193713 ) ORDER BY `a`.`mfy_time` DESC [ RunTime:0.035002s ]
[ sql ] [ SQL ] SELECT `a`.`resume_id`,`a`.`id`,`a`.`ct_user`,`b`.`personal_name`,`a`.`communicate_time` FROM `rs_communicate` `a` INNER JOIN `rs_user` `b` ON `a`.`ct_user`=`b`.`uname` WHERE  ( communicate_time between '2018-02-28' and '2018-02-28' and resume_id = 194142 ) ORDER BY `a`.`mfy_time` DESC [ RunTime:0.029002s ]
[ sql ] [ SQL ] SELECT `a`.`resume_id`,`a`.`id`,`a`.`ct_user`,`b`.`personal_name`,`a`.`communicate_time` FROM `rs_communicate` `a` INNER JOIN `rs_user` `b` ON `a`.`ct_user`=`b`.`uname` WHERE  ( communicate_time between '2018-02-28' and '2018-02-28' and resume_id = 194143 ) ORDER BY `a`.`mfy_time` DESC [ RunTime:0.035002s ]
[ sql ] [ SQL ] SELECT `a`.`resume_id`,`a`.`id`,`a`.`ct_user`,`b`.`personal_name`,`a`.`communicate_time` FROM `rs_communicate` `a` INNER JOIN `rs_user` `b` ON `a`.`ct_user`=`b`.`uname` WHERE  ( communicate_time between '2018-02-28' and '2018-02-28' and resume_id = 194595 ) ORDER BY `a`.`mfy_time` DESC [ RunTime:0.030001s ]
[ sql ] [ SQL ] SELECT `a`.`resume_id`,`a`.`id`,`a`.`ct_user`,`b`.`personal_name`,`a`.`communicate_time` FROM `rs_communicate` `a` INNER JOIN `rs_user` `b` ON `a`.`ct_user`=`b`.`uname` WHERE  ( communicate_time between '2018-02-28' and '2018-02-28' and resume_id = 194596 ) ORDER BY `a`.`mfy_time` DESC [ RunTime:0.036003s ]
[ sql ] [ SQL ] SELECT `a`.`resume_id`,`a`.`id`,`a`.`ct_user`,`b`.`personal_name`,`a`.`communicate_time` FROM `rs_communicate` `a` INNER JOIN `rs_user` `b` ON `a`.`ct_user`=`b`.`uname` WHERE  ( communicate_time between '2018-02-28' and '2018-02-28' and resume_id = 194597 ) ORDER BY `a`.`mfy_time` DESC [ RunTime:0.036002s ]
[ sql ] [ SQL ] SELECT `a`.`resume_id`,`a`.`id`,`a`.`ct_user`,`b`.`personal_name`,`a`.`communicate_time` FROM `rs_communicate` `a` INNER JOIN `rs_user` `b` ON `a`.`ct_user`=`b`.`uname` WHERE  ( communicate_time between '2018-02-28' and '2018-02-28' and resume_id = 194598 ) ORDER BY `a`.`mfy_time` DESC [ RunTime:0.036002s ]
[ sql ] [ SQL ] SELECT `a`.`resume_id`,`a`.`id`,`a`.`ct_user`,`b`.`personal_name`,`a`.`communicate_time` FROM `rs_communicate` `a` INNER JOIN `rs_user` `b` ON `a`.`ct_user`=`b`.`uname` WHERE  ( communicate_time between '2018-02-28' and '2018-02-28' and resume_id = 194599 ) ORDER BY `a`.`mfy_time` DESC [ RunTime:0.031002s ]
[ sql ] [ SQL ] SELECT `a`.`resume_id`,`a`.`id`,`a`.`ct_user`,`b`.`personal_name`,`a`.`communicate_time` FROM `rs_communicate` `a` INNER JOIN `rs_user` `b` ON `a`.`ct_user`=`b`.`uname` WHERE  ( communicate_time between '2018-02-28' and '2018-02-28' and resume_id = 194600 ) ORDER BY `a`.`mfy_time` DESC [ RunTime:0.031001s ]
[ sql ] [ SQL ] SELECT `a`.`resume_id`,`a`.`id`,`a`.`ct_user`,`b`.`personal_name`,`a`.`communicate_time` FROM `rs_communicate` `a` INNER JOIN `rs_user` `b` ON `a`.`ct_user`=`b`.`uname` WHERE  ( communicate_time between '2018-02-28' and '2018-02-28' and resume_id = 194601 ) ORDER BY `a`.`mfy_time` DESC [ RunTime:0.032002s ]
[ sql ] [ SQL ] SELECT `a`.`resume_id`,`a`.`id`,`a`.`ct_user`,`b`.`personal_name`,`a`.`communicate_time` FROM `rs_communicate` `a` INNER JOIN `rs_user` `b` ON `a`.`ct_user`=`b`.`uname` WHERE  ( communicate_time between '2018-02-28' and '2018-02-28' and resume_id = 194602 ) ORDER BY `a`.`mfy_time` DESC [ RunTime:0.031002s ]
[ sql ] [ SQL ] SELECT `a`.`resume_id`,`a`.`id`,`a`.`ct_user`,`b`.`personal_name`,`a`.`communicate_time` FROM `rs_communicate` `a` INNER JOIN `rs_user` `b` ON `a`.`ct_user`=`b`.`uname` WHERE  ( communicate_time between '2018-02-28' and '2018-02-28' and resume_id = 194603 ) ORDER BY `a`.`mfy_time` DESC [ RunTime:0.031002s ]
[ sql ] [ SQL ] SELECT `a`.`resume_id`,`a`.`id`,`a`.`ct_user`,`b`.`personal_name`,`a`.`communicate_time` FROM `rs_communicate` `a` INNER JOIN `rs_user` `b` ON `a`.`ct_user`=`b`.`uname` WHERE  ( communicate_time between '2018-02-28' and '2018-02-28' and resume_id = 194604 ) ORDER BY `a`.`mfy_time` DESC [ RunTime:0.031002s ]
[ sql ] [ SQL ] SELECT `a`.`resume_id`,`a`.`id`,`a`.`ct_user`,`b`.`personal_name`,`a`.`communicate_time` FROM `rs_communicate` `a` INNER JOIN `rs_user` `b` ON `a`.`ct_user`=`b`.`uname` WHERE  ( communicate_time between '2018-02-28' and '2018-02-28' and resume_id = 194605 ) ORDER BY `a`.`mfy_time` DESC [ RunTime:0.031001s ]
[ sql ] [ SQL ] SELECT `a`.`resume_id`,`a`.`id`,`a`.`ct_user`,`b`.`personal_name`,`a`.`communicate_time` FROM `rs_communicate` `a` INNER JOIN `rs_user` `b` ON `a`.`ct_user`=`b`.`uname` WHERE  ( communicate_time between '2018-02-28' and '2018-02-28' and resume_id = 194606 ) ORDER BY `a`.`mfy_time` DESC [ RunTime:0.031002s ]
[ sql ] [ SQL ] SELECT `a`.`resume_id`,`a`.`id`,`a`.`ct_user`,`b`.`personal_name`,`a`.`communicate_time` FROM `rs_communicate` `a` INNER JOIN `rs_user` `b` ON `a`.`ct_user`=`b`.`uname` WHERE  ( communicate_time between '2018-02-28' and '2018-02-28' and resume_id = 194607 ) ORDER BY `a`.`mfy_time` DESC [ RunTime:0.032002s ]
[ sql ] [ SQL ] SELECT `a`.`resume_id`,`a`.`id`,`a`.`ct_user`,`b`.`personal_name`,`a`.`communicate_time` FROM `rs_communicate` `a` INNER JOIN `rs_user` `b` ON `a`.`ct_user`=`b`.`uname` WHERE  ( communicate_time between '2018-02-28' and '2018-02-28' and resume_id = 194948 ) ORDER BY `a`.`mfy_time` DESC [ RunTime:0.031002s ]
[ sql ] [ SQL ] SELECT `a`.`resume_id`,`a`.`id`,`a`.`ct_user`,`b`.`personal_name`,`a`.`communicate_time` FROM `rs_communicate` `a` INNER JOIN `rs_user` `b` ON `a`.`ct_user`=`b`.`uname` WHERE  ( communicate_time between '2018-02-28' and '2018-02-28' and resume_id = 194949 ) ORDER BY `a`.`mfy_time` DESC [ RunTime:0.032002s ]
[ sql ] [ SQL ] SELECT `a`.`resume_id`,`a`.`id`,`a`.`ct_user`,`b`.`personal_name`,`a`.`communicate_time` FROM `rs_communicate` `a` INNER JOIN `rs_user` `b` ON `a`.`ct_user`=`b`.`uname` WHERE  ( communicate_time between '2018-02-28' and '2018-02-28' and resume_id = 195045 ) ORDER BY `a`.`mfy_time` DESC [ RunTime:0.032001s ]
[ sql ] [ SQL ] SELECT `a`.`resume_id`,`a`.`id`,`a`.`ct_user`,`b`.`personal_name`,`a`.`communicate_time` FROM `rs_communicate` `a` INNER JOIN `rs_user` `b` ON `a`.`ct_user`=`b`.`uname` WHERE  ( communicate_time between '2018-02-28' and '2018-02-28' and resume_id = 195046 ) ORDER BY `a`.`mfy_time` DESC [ RunTime:0.032002s ]
[ sql ] [ SQL ] SELECT `a`.`resume_id`,`a`.`id`,`a`.`ct_user`,`b`.`personal_name`,`a`.`communicate_time` FROM `rs_communicate` `a` INNER JOIN `rs_user` `b` ON `a`.`ct_user`=`b`.`uname` WHERE  ( communicate_time between '2018-02-28' and '2018-02-28' and resume_id = 195047 ) ORDER BY `a`.`mfy_time` DESC [ RunTime:0.032002s ]
[ sql ] [ SQL ] SELECT `a`.`resume_id`,`a`.`id`,`a`.`ct_user`,`b`.`personal_name`,`a`.`communicate_time` FROM `rs_communicate` `a` INNER JOIN `rs_user` `b` ON `a`.`ct_user`=`b`.`uname` WHERE  ( communicate_time between '2018-02-28' and '2018-02-28' and resume_id = 195048 ) ORDER BY `a`.`mfy_time` DESC [ RunTime:0.032002s ]
[ sql ] [ SQL ] SELECT `a`.`resume_id`,`a`.`id`,`a`.`ct_user`,`b`.`personal_name`,`a`.`communicate_time` FROM `rs_communicate` `a` INNER JOIN `rs_user` `b` ON `a`.`ct_user`=`b`.`uname` WHERE  ( communicate_time between '2018-02-28' and '2018-02-28' and resume_id = 195049 ) ORDER BY `a`.`mfy_time` DESC [ RunTime:0.033002s ]
[ sql ] [ SQL ] SELECT `a`.`resume_id`,`a`.`id`,`a`.`ct_user`,`b`.`personal_name`,`a`.`communicate_time` FROM `rs_communicate` `a` INNER JOIN `rs_user` `b` ON `a`.`ct_user`=`b`.`uname` WHERE  ( communicate_time between '2018-02-28' and '2018-02-28' and resume_id = 195322 ) ORDER BY `a`.`mfy_time` DESC [ RunTime:0.032002s ]
[ sql ] [ SQL ] SELECT `a`.`resume_id`,`a`.`id`,`a`.`ct_user`,`b`.`personal_name`,`a`.`communicate_time` FROM `rs_communicate` `a` INNER JOIN `rs_user` `b` ON `a`.`ct_user`=`b`.`uname` WHERE  ( communicate_time between '2018-02-28' and '2018-02-28' and resume_id = 195323 ) ORDER BY `a`.`mfy_time` DESC [ RunTime:0.032002s ]
[ sql ] [ SQL ] SELECT `a`.`resume_id`,`a`.`id`,`a`.`ct_user`,`b`.`personal_name`,`a`.`communicate_time` FROM `rs_communicate` `a` INNER JOIN `rs_user` `b` ON `a`.`ct_user`=`b`.`uname` WHERE  ( communicate_time between '2018-02-28' and '2018-02-28' and resume_id = 195324 ) ORDER BY `a`.`mfy_time` DESC [ RunTime:0.033001s ]
[ sql ] [ SQL ] SELECT `a`.`resume_id`,`a`.`id`,`a`.`ct_user`,`b`.`personal_name`,`a`.`communicate_time` FROM `rs_communicate` `a` INNER JOIN `rs_user` `b` ON `a`.`ct_user`=`b`.`uname` WHERE  ( communicate_time between '2018-02-28' and '2018-02-28' and resume_id = 195325 ) ORDER BY `a`.`mfy_time` DESC [ RunTime:0.033002s ]
[ sql ] [ SQL ] SELECT `a`.`resume_id`,`a`.`id`,`a`.`ct_user`,`b`.`personal_name`,`a`.`communicate_time` FROM `rs_communicate` `a` INNER JOIN `rs_user` `b` ON `a`.`ct_user`=`b`.`uname` WHERE  ( communicate_time between '2018-02-28' and '2018-02-28' and resume_id = 195326 ) ORDER BY `a`.`mfy_time` DESC [ RunTime:0.032002s ]
[ sql ] [ SQL ] SELECT `a`.`resume_id`,`a`.`id`,`a`.`ct_user`,`b`.`personal_name`,`a`.`communicate_time` FROM `rs_communicate` `a` INNER JOIN `rs_user` `b` ON `a`.`ct_user`=`b`.`uname` WHERE  ( communicate_time between '2018-02-28' and '2018-02-28' and resume_id = 195327 ) ORDER BY `a`.`mfy_time` DESC [ RunTime:0.032002s ]
[ sql ] [ SQL ] SELECT `a`.`resume_id`,`a`.`id`,`a`.`ct_user`,`b`.`personal_name`,`a`.`communicate_time` FROM `rs_communicate` `a` INNER JOIN `rs_user` `b` ON `a`.`ct_user`=`b`.`uname` WHERE  ( communicate_time between '2018-02-28' and '2018-02-28' and resume_id = 195328 ) ORDER BY `a`.`mfy_time` DESC [ RunTime:0.032002s ]
[ sql ] [ SQL ] SELECT `a`.`resume_id`,`a`.`id`,`a`.`ct_user`,`b`.`personal_name`,`a`.`communicate_time` FROM `rs_communicate` `a` INNER JOIN `rs_user` `b` ON `a`.`ct_user`=`b`.`uname` WHERE  ( communicate_time between '2018-02-28' and '2018-02-28' and resume_id = 195329 ) ORDER BY `a`.`mfy_time` DESC [ RunTime:0.032002s ]
[ sql ] [ SQL ] SELECT `a`.`resume_id`,`a`.`id`,`a`.`ct_user`,`b`.`personal_name`,`a`.`communicate_time` FROM `rs_communicate` `a` INNER JOIN `rs_user` `b` ON `a`.`ct_user`=`b`.`uname` WHERE  ( communicate_time between '2018-02-28' and '2018-02-28' and resume_id = 195642 ) ORDER BY `a`.`mfy_time` DESC [ RunTime:0.032002s ]
[ sql ] [ SQL ] SELECT `a`.`resume_id`,`a`.`id`,`a`.`ct_user`,`b`.`personal_name`,`a`.`communicate_time` FROM `rs_communicate` `a` INNER JOIN `rs_user` `b` ON `a`.`ct_user`=`b`.`uname` WHERE  ( communicate_time between '2018-02-28' and '2018-02-28' and resume_id = 195643 ) ORDER BY `a`.`mfy_time` DESC [ RunTime:0.032001s ]
[ sql ] [ SQL ] SELECT `a`.`resume_id`,`a`.`id`,`a`.`ct_user`,`b`.`personal_name`,`a`.`communicate_time` FROM `rs_communicate` `a` INNER JOIN `rs_user` `b` ON `a`.`ct_user`=`b`.`uname` WHERE  ( communicate_time between '2018-02-28' and '2018-02-28' and resume_id = 195644 ) ORDER BY `a`.`mfy_time` DESC [ RunTime:0.032002s ]
[ sql ] [ SQL ] SELECT `a`.`resume_id`,`a`.`id`,`a`.`ct_user`,`b`.`personal_name`,`a`.`communicate_time` FROM `rs_communicate` `a` INNER JOIN `rs_user` `b` ON `a`.`ct_user`=`b`.`uname` WHERE  ( communicate_time between '2018-02-28' and '2018-02-28' and resume_id = 195645 ) ORDER BY `a`.`mfy_time` DESC [ RunTime:0.032002s ]
[ sql ] [ SQL ] SELECT `a`.`resume_id`,`a`.`id`,`a`.`ct_user`,`b`.`personal_name`,`a`.`communicate_time` FROM `rs_communicate` `a` INNER JOIN `rs_user` `b` ON `a`.`ct_user`=`b`.`uname` WHERE  ( communicate_time between '2018-02-28' and '2018-02-28' and resume_id = 195646 ) ORDER BY `a`.`mfy_time` DESC [ RunTime:0.032002s ]
[ sql ] [ SQL ] SELECT `a`.`resume_id`,`a`.`id`,`a`.`ct_user`,`b`.`personal_name`,`a`.`communicate_time` FROM `rs_communicate` `a` INNER JOIN `rs_user` `b` ON `a`.`ct_user`=`b`.`uname` WHERE  ( communicate_time between '2018-02-28' and '2018-02-28' and resume_id = 195647 ) ORDER BY `a`.`mfy_time` DESC [ RunTime:0.032002s ]
[ sql ] [ SQL ] SELECT `a`.`resume_id`,`a`.`id`,`a`.`ct_user`,`b`.`personal_name`,`a`.`communicate_time` FROM `rs_communicate` `a` INNER JOIN `rs_user` `b` ON `a`.`ct_user`=`b`.`uname` WHERE  ( communicate_time between '2018-02-28' and '2018-02-28' and resume_id = 195648 ) ORDER BY `a`.`mfy_time` DESC [ RunTime:0.032002s ]
[ sql ] [ SQL ] SELECT `a`.`resume_id`,`a`.`id`,`a`.`ct_user`,`b`.`personal_name`,`a`.`communicate_time` FROM `rs_communicate` `a` INNER JOIN `rs_user` `b` ON `a`.`ct_user`=`b`.`uname` WHERE  ( communicate_time between '2018-02-28' and '2018-02-28' and resume_id = 195649 ) ORDER BY `a`.`mfy_time` DESC [ RunTime:0.032001s ]
[ sql ] [ SQL ] SELECT `a`.`resume_id`,`a`.`id`,`a`.`ct_user`,`b`.`personal_name`,`a`.`communicate_time` FROM `rs_communicate` `a` INNER JOIN `rs_user` `b` ON `a`.`ct_user`=`b`.`uname` WHERE  ( communicate_time between '2018-02-28' and '2018-02-28' and resume_id = 195650 ) ORDER BY `a`.`mfy_time` DESC [ RunTime:0.032002s ]
[ sql ] [ SQL ] SELECT `a`.`resume_id`,`a`.`id`,`a`.`ct_user`,`b`.`personal_name`,`a`.`communicate_time` FROM `rs_communicate` `a` INNER JOIN `rs_user` `b` ON `a`.`ct_user`=`b`.`uname` WHERE  ( communicate_time between '2018-02-28' and '2018-02-28' and resume_id = 195651 ) ORDER BY `a`.`mfy_time` DESC [ RunTime:0.032002s ]
[ sql ] [ SQL ] SELECT `a`.`resume_id`,`a`.`id`,`a`.`ct_user`,`b`.`personal_name`,`a`.`communicate_time` FROM `rs_communicate` `a` INNER JOIN `rs_user` `b` ON `a`.`ct_user`=`b`.`uname` WHERE  ( communicate_time between '2018-02-28' and '2018-02-28' and resume_id = 195652 ) ORDER BY `a`.`mfy_time` DESC [ RunTime:0.033002s ]
---------------------------------------------------------------
[ 2019-02-25T19:17:16+08:00 ] 127.0.0.1 GET www.job.com/api/report/person_recru/candidate_list?dtfm=2018-01-18&dtto=2018-01-18&_d=1551093434653
[ sql ] [ DB ] CONNECT:[ UseTime:0.013001s ] mysql:host=192.168.199.134;port=3306;dbname=test_resume;charset=utf8
[ sql ] [ SQL ] SHOW COLUMNS FROM `rs_resume` [ RunTime:0.005000s ]
[ sql ] [ SQL ] SELECT `id`,`name`,`phone`,`email`,`school`,`educational`,`graduation_time`,`work_year`,`source`,`ct_user`,`ct_time`,`company_type`,`expected_job` FROM `rs_resume` WHERE  ( ct_time between '2018-01-18' and '2018-01-18' ) [ RunTime:0.035002s ]
[ sql ] [ SQL ] SHOW COLUMNS FROM `rs_communicate` [ RunTime:0.024002s ]
[ sql ] [ SQL ] SELECT `a`.`resume_id`,`a`.`id`,`a`.`ct_user`,`b`.`personal_name`,`a`.`communicate_time` FROM `rs_communicate` `a` INNER JOIN `rs_user` `b` ON `a`.`ct_user`=`b`.`uname` WHERE  ( communicate_time between '2018-01-18' and '2018-01-18' and resume_id = 193518 ) ORDER BY `a`.`mfy_time` DESC [ RunTime:0.036002s ]
[ sql ] [ SQL ] SELECT `a`.`resume_id`,`a`.`id`,`a`.`ct_user`,`b`.`personal_name`,`a`.`communicate_time` FROM `rs_communicate` `a` INNER JOIN `rs_user` `b` ON `a`.`ct_user`=`b`.`uname` WHERE  ( communicate_time between '2018-01-18' and '2018-01-18' and resume_id = 193519 ) ORDER BY `a`.`mfy_time` DESC [ RunTime:0.035002s ]
[ sql ] [ SQL ] SELECT `a`.`resume_id`,`a`.`id`,`a`.`ct_user`,`b`.`personal_name`,`a`.`communicate_time` FROM `rs_communicate` `a` INNER JOIN `rs_user` `b` ON `a`.`ct_user`=`b`.`uname` WHERE  ( communicate_time between '2018-01-18' and '2018-01-18' and resume_id = 193520 ) ORDER BY `a`.`mfy_time` DESC [ RunTime:0.035002s ]
[ sql ] [ SQL ] SELECT `a`.`resume_id`,`a`.`id`,`a`.`ct_user`,`b`.`personal_name`,`a`.`communicate_time` FROM `rs_communicate` `a` INNER JOIN `rs_user` `b` ON `a`.`ct_user`=`b`.`uname` WHERE  ( communicate_time between '2018-01-18' and '2018-01-18' and resume_id = 193521 ) ORDER BY `a`.`mfy_time` DESC [ RunTime:0.033002s ]
[ sql ] [ SQL ] SELECT `a`.`resume_id`,`a`.`id`,`a`.`ct_user`,`b`.`personal_name`,`a`.`communicate_time` FROM `rs_communicate` `a` INNER JOIN `rs_user` `b` ON `a`.`ct_user`=`b`.`uname` WHERE  ( communicate_time between '2018-01-18' and '2018-01-18' and resume_id = 193522 ) ORDER BY `a`.`mfy_time` DESC [ RunTime:0.029001s ]
[ sql ] [ SQL ] SELECT `a`.`resume_id`,`a`.`id`,`a`.`ct_user`,`b`.`personal_name`,`a`.`communicate_time` FROM `rs_communicate` `a` INNER JOIN `rs_user` `b` ON `a`.`ct_user`=`b`.`uname` WHERE  ( communicate_time between '2018-01-18' and '2018-01-18' and resume_id = 193523 ) ORDER BY `a`.`mfy_time` DESC [ RunTime:0.035002s ]
[ sql ] [ SQL ] SELECT `a`.`resume_id`,`a`.`id`,`a`.`ct_user`,`b`.`personal_name`,`a`.`communicate_time` FROM `rs_communicate` `a` INNER JOIN `rs_user` `b` ON `a`.`ct_user`=`b`.`uname` WHERE  ( communicate_time between '2018-01-18' and '2018-01-18' and resume_id = 193524 ) ORDER BY `a`.`mfy_time` DESC [ RunTime:0.032002s ]
[ sql ] [ SQL ] SELECT `a`.`resume_id`,`a`.`id`,`a`.`ct_user`,`b`.`personal_name`,`a`.`communicate_time` FROM `rs_communicate` `a` INNER JOIN `rs_user` `b` ON `a`.`ct_user`=`b`.`uname` WHERE  ( communicate_time between '2018-01-18' and '2018-01-18' and resume_id = 193525 ) ORDER BY `a`.`mfy_time` DESC [ RunTime:0.033002s ]
[ sql ] [ SQL ] SELECT `a`.`resume_id`,`a`.`id`,`a`.`ct_user`,`b`.`personal_name`,`a`.`communicate_time` FROM `rs_communicate` `a` INNER JOIN `rs_user` `b` ON `a`.`ct_user`=`b`.`uname` WHERE  ( communicate_time between '2018-01-18' and '2018-01-18' and resume_id = 193526 ) ORDER BY `a`.`mfy_time` DESC [ RunTime:0.031002s ]
[ sql ] [ SQL ] SELECT `a`.`resume_id`,`a`.`id`,`a`.`ct_user`,`b`.`personal_name`,`a`.`communicate_time` FROM `rs_communicate` `a` INNER JOIN `rs_user` `b` ON `a`.`ct_user`=`b`.`uname` WHERE  ( communicate_time between '2018-01-18' and '2018-01-18' and resume_id = 193527 ) ORDER BY `a`.`mfy_time` DESC [ RunTime:0.033002s ]
[ sql ] [ SQL ] SELECT `a`.`resume_id`,`a`.`id`,`a`.`ct_user`,`b`.`personal_name`,`a`.`communicate_time` FROM `rs_communicate` `a` INNER JOIN `rs_user` `b` ON `a`.`ct_user`=`b`.`uname` WHERE  ( communicate_time between '2018-01-18' and '2018-01-18' and resume_id = 193528 ) ORDER BY `a`.`mfy_time` DESC [ RunTime:0.032002s ]
[ sql ] [ SQL ] SELECT `a`.`resume_id`,`a`.`id`,`a`.`ct_user`,`b`.`personal_name`,`a`.`communicate_time` FROM `rs_communicate` `a` INNER JOIN `rs_user` `b` ON `a`.`ct_user`=`b`.`uname` WHERE  ( communicate_time between '2018-01-18' and '2018-01-18' and resume_id = 193529 ) ORDER BY `a`.`mfy_time` DESC [ RunTime:0.032002s ]
[ sql ] [ SQL ] SELECT `a`.`resume_id`,`a`.`id`,`a`.`ct_user`,`b`.`personal_name`,`a`.`communicate_time` FROM `rs_communicate` `a` INNER JOIN `rs_user` `b` ON `a`.`ct_user`=`b`.`uname` WHERE  ( communicate_time between '2018-01-18' and '2018-01-18' and resume_id = 193530 ) ORDER BY `a`.`mfy_time` DESC [ RunTime:0.031001s ]
[ sql ] [ SQL ] SELECT `a`.`resume_id`,`a`.`id`,`a`.`ct_user`,`b`.`personal_name`,`a`.`communicate_time` FROM `rs_communicate` `a` INNER JOIN `rs_user` `b` ON `a`.`ct_user`=`b`.`uname` WHERE  ( communicate_time between '2018-01-18' and '2018-01-18' and resume_id = 193531 ) ORDER BY `a`.`mfy_time` DESC [ RunTime:0.031002s ]
[ sql ] [ SQL ] SELECT `a`.`resume_id`,`a`.`id`,`a`.`ct_user`,`b`.`personal_name`,`a`.`communicate_time` FROM `rs_communicate` `a` INNER JOIN `rs_user` `b` ON `a`.`ct_user`=`b`.`uname` WHERE  ( communicate_time between '2018-01-18' and '2018-01-18' and resume_id = 193532 ) ORDER BY `a`.`mfy_time` DESC [ RunTime:0.031002s ]
[ sql ] [ SQL ] SELECT `a`.`resume_id`,`a`.`id`,`a`.`ct_user`,`b`.`personal_name`,`a`.`communicate_time` FROM `rs_communicate` `a` INNER JOIN `rs_user` `b` ON `a`.`ct_user`=`b`.`uname` WHERE  ( communicate_time between '2018-01-18' and '2018-01-18' and resume_id = 193995 ) ORDER BY `a`.`mfy_time` DESC [ RunTime:0.031002s ]
[ sql ] [ SQL ] SELECT `a`.`resume_id`,`a`.`id`,`a`.`ct_user`,`b`.`personal_name`,`a`.`communicate_time` FROM `rs_communicate` `a` INNER JOIN `rs_user` `b` ON `a`.`ct_user`=`b`.`uname` WHERE  ( communicate_time between '2018-01-18' and '2018-01-18' and resume_id = 193996 ) ORDER BY `a`.`mfy_time` DESC [ RunTime:0.033002s ]
[ sql ] [ SQL ] SELECT `a`.`resume_id`,`a`.`id`,`a`.`ct_user`,`b`.`personal_name`,`a`.`communicate_time` FROM `rs_communicate` `a` INNER JOIN `rs_user` `b` ON `a`.`ct_user`=`b`.`uname` WHERE  ( communicate_time between '2018-01-18' and '2018-01-18' and resume_id = 193997 ) ORDER BY `a`.`mfy_time` DESC [ RunTime:0.031001s ]
[ sql ] [ SQL ] SELECT `a`.`resume_id`,`a`.`id`,`a`.`ct_user`,`b`.`personal_name`,`a`.`communicate_time` FROM `rs_communicate` `a` INNER JOIN `rs_user` `b` ON `a`.`ct_user`=`b`.`uname` WHERE  ( communicate_time between '2018-01-18' and '2018-01-18' and resume_id = 193998 ) ORDER BY `a`.`mfy_time` DESC [ RunTime:0.030002s ]
[ sql ] [ SQL ] SELECT `a`.`resume_id`,`a`.`id`,`a`.`ct_user`,`b`.`personal_name`,`a`.`communicate_time` FROM `rs_communicate` `a` INNER JOIN `rs_user` `b` ON `a`.`ct_user`=`b`.`uname` WHERE  ( communicate_time between '2018-01-18' and '2018-01-18' and resume_id = 193999 ) ORDER BY `a`.`mfy_time` DESC [ RunTime:0.037002s ]
[ sql ] [ SQL ] SELECT `a`.`resume_id`,`a`.`id`,`a`.`ct_user`,`b`.`personal_name`,`a`.`communicate_time` FROM `rs_communicate` `a` INNER JOIN `rs_user` `b` ON `a`.`ct_user`=`b`.`uname` WHERE  ( communicate_time between '2018-01-18' and '2018-01-18' and resume_id = 194000 ) ORDER BY `a`.`mfy_time` DESC [ RunTime:0.035002s ]
[ sql ] [ SQL ] SELECT `a`.`resume_id`,`a`.`id`,`a`.`ct_user`,`b`.`personal_name`,`a`.`communicate_time` FROM `rs_communicate` `a` INNER JOIN `rs_user` `b` ON `a`.`ct_user`=`b`.`uname` WHERE  ( communicate_time between '2018-01-18' and '2018-01-18' and resume_id = 194001 ) ORDER BY `a`.`mfy_time` DESC [ RunTime:0.033002s ]
[ sql ] [ SQL ] SELECT `a`.`resume_id`,`a`.`id`,`a`.`ct_user`,`b`.`personal_name`,`a`.`communicate_time` FROM `rs_communicate` `a` INNER JOIN `rs_user` `b` ON `a`.`ct_user`=`b`.`uname` WHERE  ( communicate_time between '2018-01-18' and '2018-01-18' and resume_id = 194002 ) ORDER BY `a`.`mfy_time` DESC [ RunTime:0.032002s ]
[ sql ] [ SQL ] SELECT `a`.`resume_id`,`a`.`id`,`a`.`ct_user`,`b`.`personal_name`,`a`.`communicate_time` FROM `rs_communicate` `a` INNER JOIN `rs_user` `b` ON `a`.`ct_user`=`b`.`uname` WHERE  ( communicate_time between '2018-01-18' and '2018-01-18' and resume_id = 194498 ) ORDER BY `a`.`mfy_time` DESC [ RunTime:0.035002s ]
[ sql ] [ SQL ] SELECT `a`.`resume_id`,`a`.`id`,`a`.`ct_user`,`b`.`personal_name`,`a`.`communicate_time` FROM `rs_communicate` `a` INNER JOIN `rs_user` `b` ON `a`.`ct_user`=`b`.`uname` WHERE  ( communicate_time between '2018-01-18' and '2018-01-18' and resume_id = 194499 ) ORDER BY `a`.`mfy_time` DESC [ RunTime:0.033002s ]
[ sql ] [ SQL ] SELECT `a`.`resume_id`,`a`.`id`,`a`.`ct_user`,`b`.`personal_name`,`a`.`communicate_time` FROM `rs_communicate` `a` INNER JOIN `rs_user` `b` ON `a`.`ct_user`=`b`.`uname` WHERE  ( communicate_time between '2018-01-18' and '2018-01-18' and resume_id = 194500 ) ORDER BY `a`.`mfy_time` DESC [ RunTime:0.033002s ]
[ sql ] [ SQL ] SELECT `a`.`resume_id`,`a`.`id`,`a`.`ct_user`,`b`.`personal_name`,`a`.`communicate_time` FROM `rs_communicate` `a` INNER JOIN `rs_user` `b` ON `a`.`ct_user`=`b`.`uname` WHERE  ( communicate_time between '2018-01-18' and '2018-01-18' and resume_id = 194501 ) ORDER BY `a`.`mfy_time` DESC [ RunTime:0.033002s ]
[ sql ] [ SQL ] SELECT `a`.`resume_id`,`a`.`id`,`a`.`ct_user`,`b`.`personal_name`,`a`.`communicate_time` FROM `rs_communicate` `a` INNER JOIN `rs_user` `b` ON `a`.`ct_user`=`b`.`uname` WHERE  ( communicate_time between '2018-01-18' and '2018-01-18' and resume_id = 194903 ) ORDER BY `a`.`mfy_time` DESC [ RunTime:0.032002s ]
[ sql ] [ SQL ] SELECT `a`.`resume_id`,`a`.`id`,`a`.`ct_user`,`b`.`personal_name`,`a`.`communicate_time` FROM `rs_communicate` `a` INNER JOIN `rs_user` `b` ON `a`.`ct_user`=`b`.`uname` WHERE  ( communicate_time between '2018-01-18' and '2018-01-18' and resume_id = 194904 ) ORDER BY `a`.`mfy_time` DESC [ RunTime:0.036002s ]
[ sql ] [ SQL ] SELECT `a`.`resume_id`,`a`.`id`,`a`.`ct_user`,`b`.`personal_name`,`a`.`communicate_time` FROM `rs_communicate` `a` INNER JOIN `rs_user` `b` ON `a`.`ct_user`=`b`.`uname` WHERE  ( communicate_time between '2018-01-18' and '2018-01-18' and resume_id = 195036 ) ORDER BY `a`.`mfy_time` DESC [ RunTime:0.037002s ]
[ sql ] [ SQL ] SELECT `a`.`resume_id`,`a`.`id`,`a`.`ct_user`,`b`.`personal_name`,`a`.`communicate_time` FROM `rs_communicate` `a` INNER JOIN `rs_user` `b` ON `a`.`ct_user`=`b`.`uname` WHERE  ( communicate_time between '2018-01-18' and '2018-01-18' and resume_id = 195242 ) ORDER BY `a`.`mfy_time` DESC [ RunTime:0.043002s ]
[ sql ] [ SQL ] SELECT `a`.`resume_id`,`a`.`id`,`a`.`ct_user`,`b`.`personal_name`,`a`.`communicate_time` FROM `rs_communicate` `a` INNER JOIN `rs_user` `b` ON `a`.`ct_user`=`b`.`uname` WHERE  ( communicate_time between '2018-01-18' and '2018-01-18' and resume_id = 195243 ) ORDER BY `a`.`mfy_time` DESC [ RunTime:0.037003s ]
[ sql ] [ SQL ] SELECT `a`.`resume_id`,`a`.`id`,`a`.`ct_user`,`b`.`personal_name`,`a`.`communicate_time` FROM `rs_communicate` `a` INNER JOIN `rs_user` `b` ON `a`.`ct_user`=`b`.`uname` WHERE  ( communicate_time between '2018-01-18' and '2018-01-18' and resume_id = 195244 ) ORDER BY `a`.`mfy_time` DESC [ RunTime:0.037002s ]
[ sql ] [ SQL ] SELECT `a`.`resume_id`,`a`.`id`,`a`.`ct_user`,`b`.`personal_name`,`a`.`communicate_time` FROM `rs_communicate` `a` INNER JOIN `rs_user` `b` ON `a`.`ct_user`=`b`.`uname` WHERE  ( communicate_time between '2018-01-18' and '2018-01-18' and resume_id = 195245 ) ORDER BY `a`.`mfy_time` DESC [ RunTime:0.037002s ]
[ sql ] [ SQL ] SELECT `a`.`resume_id`,`a`.`id`,`a`.`ct_user`,`b`.`personal_name`,`a`.`communicate_time` FROM `rs_communicate` `a` INNER JOIN `rs_user` `b` ON `a`.`ct_user`=`b`.`uname` WHERE  ( communicate_time between '2018-01-18' and '2018-01-18' and resume_id = 195246 ) ORDER BY `a`.`mfy_time` DESC [ RunTime:0.036002s ]
[ sql ] [ SQL ] SELECT `a`.`resume_id`,`a`.`id`,`a`.`ct_user`,`b`.`personal_name`,`a`.`communicate_time` FROM `rs_communicate` `a` INNER JOIN `rs_user` `b` ON `a`.`ct_user`=`b`.`uname` WHERE  ( communicate_time between '2018-01-18' and '2018-01-18' and resume_id = 195247 ) ORDER BY `a`.`mfy_time` DESC [ RunTime:0.033002s ]
[ sql ] [ SQL ] SELECT `a`.`resume_id`,`a`.`id`,`a`.`ct_user`,`b`.`personal_name`,`a`.`communicate_time` FROM `rs_communicate` `a` INNER JOIN `rs_user` `b` ON `a`.`ct_user`=`b`.`uname` WHERE  ( communicate_time between '2018-01-18' and '2018-01-18' and resume_id = 195515 ) ORDER BY `a`.`mfy_time` DESC [ RunTime:0.031002s ]
[ sql ] [ SQL ] SELECT `a`.`resume_id`,`a`.`id`,`a`.`ct_user`,`b`.`personal_name`,`a`.`communicate_time` FROM `rs_communicate` `a` INNER JOIN `rs_user` `b` ON `a`.`ct_user`=`b`.`uname` WHERE  ( communicate_time between '2018-01-18' and '2018-01-18' and resume_id = 195516 ) ORDER BY `a`.`mfy_time` DESC [ RunTime:0.032001s ]
[ sql ] [ SQL ] SELECT `a`.`resume_id`,`a`.`id`,`a`.`ct_user`,`b`.`personal_name`,`a`.`communicate_time` FROM `rs_communicate` `a` INNER JOIN `rs_user` `b` ON `a`.`ct_user`=`b`.`uname` WHERE  ( communicate_time between '2018-01-18' and '2018-01-18' and resume_id = 195517 ) ORDER BY `a`.`mfy_time` DESC [ RunTime:0.032002s ]
[ sql ] [ SQL ] SELECT `a`.`resume_id`,`a`.`id`,`a`.`ct_user`,`b`.`personal_name`,`a`.`communicate_time` FROM `rs_communicate` `a` INNER JOIN `rs_user` `b` ON `a`.`ct_user`=`b`.`uname` WHERE  ( communicate_time between '2018-01-18' and '2018-01-18' and resume_id = 195518 ) ORDER BY `a`.`mfy_time` DESC [ RunTime:0.032002s ]
[ sql ] [ SQL ] SELECT `a`.`resume_id`,`a`.`id`,`a`.`ct_user`,`b`.`personal_name`,`a`.`communicate_time` FROM `rs_communicate` `a` INNER JOIN `rs_user` `b` ON `a`.`ct_user`=`b`.`uname` WHERE  ( communicate_time between '2018-01-18' and '2018-01-18' and resume_id = 195519 ) ORDER BY `a`.`mfy_time` DESC [ RunTime:0.031002s ]
[ sql ] [ SQL ] SELECT `a`.`resume_id`,`a`.`id`,`a`.`ct_user`,`b`.`personal_name`,`a`.`communicate_time` FROM `rs_communicate` `a` INNER JOIN `rs_user` `b` ON `a`.`ct_user`=`b`.`uname` WHERE  ( communicate_time between '2018-01-18' and '2018-01-18' and resume_id = 195520 ) ORDER BY `a`.`mfy_time` DESC [ RunTime:0.031002s ]
[ sql ] [ SQL ] SELECT `a`.`resume_id`,`a`.`id`,`a`.`ct_user`,`b`.`personal_name`,`a`.`communicate_time` FROM `rs_communicate` `a` INNER JOIN `rs_user` `b` ON `a`.`ct_user`=`b`.`uname` WHERE  ( communicate_time between '2018-01-18' and '2018-01-18' and resume_id = 195521 ) ORDER BY `a`.`mfy_time` DESC [ RunTime:0.031002s ]
---------------------------------------------------------------
[ 2019-02-25T19:24:16+08:00 ] 127.0.0.1 GET www.job.com/api/report/person_recru/candidate_list?dtfm=2018-01-18&dtto=2018-01-18&_d=1551093855564
[ sql ] [ DB ] CONNECT:[ UseTime:0.005000s ] mysql:host=192.168.199.134;port=3306;dbname=test_resume;charset=utf8
[ sql ] [ SQL ] SHOW COLUMNS FROM `rs_resume` [ RunTime:0.004000s ]
[ sql ] [ SQL ] SELECT `id`,`name`,`phone`,`email`,`school`,`educational`,`graduation_time`,`work_year`,`source`,`ct_user`,`ct_time`,`company_type`,`expected_job` FROM `rs_resume` WHERE  ( ct_time between '2018-01-18' and '2018-01-18' ) LIMIT 10 [ RunTime:0.025002s ]
[ sql ] [ SQL ] SHOW COLUMNS FROM `rs_communicate` [ RunTime:0.027001s ]
[ sql ] [ SQL ] SELECT `a`.`resume_id`,`a`.`id`,`a`.`ct_user`,`b`.`personal_name`,`a`.`communicate_time` FROM `rs_communicate` `a` INNER JOIN `rs_user` `b` ON `a`.`ct_user`=`b`.`uname` WHERE  ( communicate_time between '2018-01-18' and '2018-01-18' and resume_id = 193518 ) ORDER BY `a`.`mfy_time` DESC [ RunTime:0.037002s ]
[ sql ] [ SQL ] SELECT `a`.`resume_id`,`a`.`id`,`a`.`ct_user`,`b`.`personal_name`,`a`.`communicate_time` FROM `rs_communicate` `a` INNER JOIN `rs_user` `b` ON `a`.`ct_user`=`b`.`uname` WHERE  ( communicate_time between '2018-01-18' and '2018-01-18' and resume_id = 193519 ) ORDER BY `a`.`mfy_time` DESC [ RunTime:0.037003s ]
[ sql ] [ SQL ] SELECT `a`.`resume_id`,`a`.`id`,`a`.`ct_user`,`b`.`personal_name`,`a`.`communicate_time` FROM `rs_communicate` `a` INNER JOIN `rs_user` `b` ON `a`.`ct_user`=`b`.`uname` WHERE  ( communicate_time between '2018-01-18' and '2018-01-18' and resume_id = 193520 ) ORDER BY `a`.`mfy_time` DESC [ RunTime:0.038002s ]
[ sql ] [ SQL ] SELECT `a`.`resume_id`,`a`.`id`,`a`.`ct_user`,`b`.`personal_name`,`a`.`communicate_time` FROM `rs_communicate` `a` INNER JOIN `rs_user` `b` ON `a`.`ct_user`=`b`.`uname` WHERE  ( communicate_time between '2018-01-18' and '2018-01-18' and resume_id = 193521 ) ORDER BY `a`.`mfy_time` DESC [ RunTime:0.032002s ]
[ sql ] [ SQL ] SELECT `a`.`resume_id`,`a`.`id`,`a`.`ct_user`,`b`.`personal_name`,`a`.`communicate_time` FROM `rs_communicate` `a` INNER JOIN `rs_user` `b` ON `a`.`ct_user`=`b`.`uname` WHERE  ( communicate_time between '2018-01-18' and '2018-01-18' and resume_id = 193522 ) ORDER BY `a`.`mfy_time` DESC [ RunTime:0.032001s ]
[ sql ] [ SQL ] SELECT `a`.`resume_id`,`a`.`id`,`a`.`ct_user`,`b`.`personal_name`,`a`.`communicate_time` FROM `rs_communicate` `a` INNER JOIN `rs_user` `b` ON `a`.`ct_user`=`b`.`uname` WHERE  ( communicate_time between '2018-01-18' and '2018-01-18' and resume_id = 193523 ) ORDER BY `a`.`mfy_time` DESC [ RunTime:0.033002s ]
[ sql ] [ SQL ] SELECT `a`.`resume_id`,`a`.`id`,`a`.`ct_user`,`b`.`personal_name`,`a`.`communicate_time` FROM `rs_communicate` `a` INNER JOIN `rs_user` `b` ON `a`.`ct_user`=`b`.`uname` WHERE  ( communicate_time between '2018-01-18' and '2018-01-18' and resume_id = 193524 ) ORDER BY `a`.`mfy_time` DESC [ RunTime:0.032002s ]
[ sql ] [ SQL ] SELECT `a`.`resume_id`,`a`.`id`,`a`.`ct_user`,`b`.`personal_name`,`a`.`communicate_time` FROM `rs_communicate` `a` INNER JOIN `rs_user` `b` ON `a`.`ct_user`=`b`.`uname` WHERE  ( communicate_time between '2018-01-18' and '2018-01-18' and resume_id = 193525 ) ORDER BY `a`.`mfy_time` DESC [ RunTime:0.033002s ]
[ sql ] [ SQL ] SELECT `a`.`resume_id`,`a`.`id`,`a`.`ct_user`,`b`.`personal_name`,`a`.`communicate_time` FROM `rs_communicate` `a` INNER JOIN `rs_user` `b` ON `a`.`ct_user`=`b`.`uname` WHERE  ( communicate_time between '2018-01-18' and '2018-01-18' and resume_id = 193526 ) ORDER BY `a`.`mfy_time` DESC [ RunTime:0.033002s ]
[ sql ] [ SQL ] SELECT `a`.`resume_id`,`a`.`id`,`a`.`ct_user`,`b`.`personal_name`,`a`.`communicate_time` FROM `rs_communicate` `a` INNER JOIN `rs_user` `b` ON `a`.`ct_user`=`b`.`uname` WHERE  ( communicate_time between '2018-01-18' and '2018-01-18' and resume_id = 193527 ) ORDER BY `a`.`mfy_time` DESC [ RunTime:0.033002s ]
---------------------------------------------------------------
[ 2019-02-25T19:25:52+08:00 ] 127.0.0.1 GET www.job.com/api/report/person_recru/candidate_list?dtfm=2018-01-18&dtto=2018-01-18&_d=1551093952132
[ sql ] [ DB ] CONNECT:[ UseTime:0.013000s ] mysql:host=192.168.199.134;port=3306;dbname=test_resume;charset=utf8
[ sql ] [ SQL ] SHOW COLUMNS FROM `rs_resume` [ RunTime:0.005001s ]
[ sql ] [ SQL ] SELECT `id`,`name`,`phone`,`email`,`school`,`educational`,`graduation_time`,`work_year`,`source`,`ct_user`,`ct_time`,`company_type`,`expected_job` FROM `rs_resume` WHERE  ( ct_time between '2018-01-18' and '2018-01-18' ) LIMIT 10 [ RunTime:0.025001s ]
---------------------------------------------------------------
[ 2019-02-25T19:26:18+08:00 ] 127.0.0.1 GET www.job.com/api/report/person_recru/candidate_list?dtfm=2018-01-18&dtto=2018-01-19&_d=1551093977781
[ sql ] [ DB ] CONNECT:[ UseTime:0.012000s ] mysql:host=192.168.199.134;port=3306;dbname=test_resume;charset=utf8
[ sql ] [ SQL ] SHOW COLUMNS FROM `rs_resume` [ RunTime:0.004001s ]
[ sql ] [ SQL ] SELECT `id`,`name`,`phone`,`email`,`school`,`educational`,`graduation_time`,`work_year`,`source`,`ct_user`,`ct_time`,`company_type`,`expected_job` FROM `rs_resume` WHERE  ( ct_time between '2018-01-18' and '2018-01-19' ) LIMIT 10 [ RunTime:0.026001s ]
[ sql ] [ SQL ] SHOW COLUMNS FROM `rs_communicate` [ RunTime:0.025002s ]
[ sql ] [ SQL ] SELECT `a`.`resume_id`,`a`.`id`,`a`.`ct_user`,`b`.`personal_name`,`a`.`communicate_time` FROM `rs_communicate` `a` INNER JOIN `rs_user` `b` ON `a`.`ct_user`=`b`.`uname` WHERE  ( communicate_time between '2018-01-18' and '2018-01-19' and resume_id = 193518 ) ORDER BY `a`.`mfy_time` DESC [ RunTime:0.036002s ]
[ sql ] [ SQL ] SELECT `a`.`resume_id`,`a`.`id`,`a`.`ct_user`,`b`.`personal_name`,`a`.`communicate_time` FROM `rs_communicate` `a` INNER JOIN `rs_user` `b` ON `a`.`ct_user`=`b`.`uname` WHERE  ( communicate_time between '2018-01-18' and '2018-01-19' and resume_id = 193519 ) ORDER BY `a`.`mfy_time` DESC [ RunTime:0.029002s ]
[ sql ] [ SQL ] SELECT `a`.`resume_id`,`a`.`id`,`a`.`ct_user`,`b`.`personal_name`,`a`.`communicate_time` FROM `rs_communicate` `a` INNER JOIN `rs_user` `b` ON `a`.`ct_user`=`b`.`uname` WHERE  ( communicate_time between '2018-01-18' and '2018-01-19' and resume_id = 193520 ) ORDER BY `a`.`mfy_time` DESC [ RunTime:0.035002s ]
[ sql ] [ SQL ] SELECT `a`.`resume_id`,`a`.`id`,`a`.`ct_user`,`b`.`personal_name`,`a`.`communicate_time` FROM `rs_communicate` `a` INNER JOIN `rs_user` `b` ON `a`.`ct_user`=`b`.`uname` WHERE  ( communicate_time between '2018-01-18' and '2018-01-19' and resume_id = 193521 ) ORDER BY `a`.`mfy_time` DESC [ RunTime:0.036002s ]
[ sql ] [ SQL ] SELECT `a`.`resume_id`,`a`.`id`,`a`.`ct_user`,`b`.`personal_name`,`a`.`communicate_time` FROM `rs_communicate` `a` INNER JOIN `rs_user` `b` ON `a`.`ct_user`=`b`.`uname` WHERE  ( communicate_time between '2018-01-18' and '2018-01-19' and resume_id = 193522 ) ORDER BY `a`.`mfy_time` DESC [ RunTime:0.028002s ]
[ sql ] [ SQL ] SELECT `a`.`resume_id`,`a`.`id`,`a`.`ct_user`,`b`.`personal_name`,`a`.`communicate_time` FROM `rs_communicate` `a` INNER JOIN `rs_user` `b` ON `a`.`ct_user`=`b`.`uname` WHERE  ( communicate_time between '2018-01-18' and '2018-01-19' and resume_id = 193523 ) ORDER BY `a`.`mfy_time` DESC [ RunTime:0.035002s ]
[ sql ] [ SQL ] SELECT `a`.`resume_id`,`a`.`id`,`a`.`ct_user`,`b`.`personal_name`,`a`.`communicate_time` FROM `rs_communicate` `a` INNER JOIN `rs_user` `b` ON `a`.`ct_user`=`b`.`uname` WHERE  ( communicate_time between '2018-01-18' and '2018-01-19' and resume_id = 193524 ) ORDER BY `a`.`mfy_time` DESC [ RunTime:0.028001s ]
[ sql ] [ SQL ] SELECT `a`.`resume_id`,`a`.`id`,`a`.`ct_user`,`b`.`personal_name`,`a`.`communicate_time` FROM `rs_communicate` `a` INNER JOIN `rs_user` `b` ON `a`.`ct_user`=`b`.`uname` WHERE  ( communicate_time between '2018-01-18' and '2018-01-19' and resume_id = 193525 ) ORDER BY `a`.`mfy_time` DESC [ RunTime:0.035002s ]
[ sql ] [ SQL ] SELECT `a`.`resume_id`,`a`.`id`,`a`.`ct_user`,`b`.`personal_name`,`a`.`communicate_time` FROM `rs_communicate` `a` INNER JOIN `rs_user` `b` ON `a`.`ct_user`=`b`.`uname` WHERE  ( communicate_time between '2018-01-18' and '2018-01-19' and resume_id = 193526 ) ORDER BY `a`.`mfy_time` DESC [ RunTime:0.029002s ]
[ sql ] [ SQL ] SELECT `a`.`resume_id`,`a`.`id`,`a`.`ct_user`,`b`.`personal_name`,`a`.`communicate_time` FROM `rs_communicate` `a` INNER JOIN `rs_user` `b` ON `a`.`ct_user`=`b`.`uname` WHERE  ( communicate_time between '2018-01-18' and '2018-01-19' and resume_id = 193527 ) ORDER BY `a`.`mfy_time` DESC [ RunTime:0.035002s ]
---------------------------------------------------------------
[ 2019-02-25T19:26:38+08:00 ] 127.0.0.1 GET www.job.com/api/report/person_recru/candidate_list?dtfm=2018-01-18&dtto=2018-01-19&_d=1551093998885
[ sql ] [ DB ] CONNECT:[ UseTime:0.013001s ] mysql:host=192.168.199.134;port=3306;dbname=test_resume;charset=utf8
[ sql ] [ SQL ] SHOW COLUMNS FROM `rs_resume` [ RunTime:0.004000s ]
[ sql ] [ SQL ] SELECT `id`,`name`,`phone`,`email`,`school`,`educational`,`graduation_time`,`work_year`,`source`,`ct_user`,`ct_time`,`company_type`,`expected_job` FROM `rs_resume` WHERE  ( ct_time between '2018-01-18' and '2018-01-19' ) LIMIT 10 [ RunTime:0.026002s ]
---------------------------------------------------------------
[ 2019-02-25T19:27:51+08:00 ] 127.0.0.1 GET www.job.com/api/report/person_recru/candidate_list?dtfm=2018-01-18&dtto=2018-01-19&_d=1551094071406
[ sql ] [ DB ] CONNECT:[ UseTime:0.013000s ] mysql:host=192.168.199.134;port=3306;dbname=test_resume;charset=utf8
[ sql ] [ SQL ] SHOW COLUMNS FROM `rs_resume` [ RunTime:0.005001s ]
[ sql ] [ SQL ] SELECT `id`,`name`,`phone`,`email`,`school`,`educational`,`graduation_time`,`work_year`,`source`,`ct_user`,`ct_time`,`company_type`,`expected_job` FROM `rs_resume` WHERE  ( ct_time between '2018-01-18' and '2018-01-19' ) LIMIT 10 [ RunTime:0.024001s ]
